# JRE version: Java(TM) SE Runtime Environment (8.0_201-b09) (build 1.8.0_201-b09)
# Java VM: Java HotSpot(TM) 64-Bit Server VM (25.201-b09 mixed mode windows-amd64 compressed oops)
Heap:
 PSYoungGen      total 124416K, used 47017K [0x00000000eab00000, 0x00000000f5380000, 0x0000000100000000)
  eden space 115200K, 32% used [0x00000000eab00000,0x00000000ecff12d0,0x00000000f1b80000)
  from space 9216K, 99% used [0x00000000f1b80000,0x00000000f2479518,0x00000000f2480000)
  to   space 12800K, 0% used [0x00000000f4700000,0x00000000f4700000,0x00000000f5380000)
 ParOldGen       total 45056K, used 30162K [0x00000000c0000000, 0x00000000c2c00000, 0x00000000eab00000)
  object space 45056K, 66% used [0x00000000c0000000,0x00000000c1d74928,0x00000000c2c00000)
 Metaspace       used 52920K, capacity 53946K, committed 54320K, reserved 1095680K
  class space    used 7320K, capacity 7641K, committed 7728K, reserved 1048576K
GC Heap History (10 events):
Event: 64.133 GC heap before
{Heap before GC invocations=13 (full 1):
 PSYoungGen      total 56320K, used 55269K [0x00000000eab00000, 0x00000000f0380000, 0x0000000100000000)
  eden space 50176K, 100% used [0x00000000eab00000,0x00000000edc00000,0x00000000edc00000)
  from space 6144K, 82% used [0x00000000edc00000,0x00000000ee0f9700,0x00000000ee200000)
  to   space 6144K, 0% used [0x00000000efd80000,0x00000000efd80000,0x00000000f0380000)
 ParOldGen       total 29184K, used 10585K [0x00000000c0000000, 0x00000000c1c80000, 0x00000000eab00000)
  object space 29184K, 36% used [0x00000000c0000000,0x00000000c0a56478,0x00000000c1c80000)
 Metaspace       used 30133K, capacity 30550K, committed 30896K, reserved 1075200K
  class space    used 4275K, capacity 4432K, committed 4528K, reserved 1048576K
Event: 64.158 GC heap after
Heap after GC invocations=13 (full 1):
 PSYoungGen      total 84480K, used 4115K [0x00000000eab00000, 0x00000000f0380000, 0x0000000100000000)
  eden space 78336K, 0% used [0x00000000eab00000,0x00000000eab00000,0x00000000ef780000)
  from space 6144K, 66% used [0x00000000efd80000,0x00000000f0184da0,0x00000000f0380000)
  to   space 6144K, 0% used [0x00000000ef780000,0x00000000ef780000,0x00000000efd80000)
 ParOldGen       total 29184K, used 12890K [0x00000000c0000000, 0x00000000c1c80000, 0x00000000eab00000)
  object space 29184K, 44% used [0x00000000c0000000,0x00000000c0c968b8,0x00000000c1c80000)
 Metaspace       used 30133K, capacity 30550K, committed 30896K, reserved 1075200K
  class space    used 4275K, capacity 4432K, committed 4528K, reserved 1048576K
}
Event: 89.144 GC heap before
{Heap before GC invocations=14 (full 1):
 PSYoungGen      total 84480K, used 44327K [0x00000000eab00000, 0x00000000f0380000, 0x0000000100000000)
  eden space 78336K, 51% used [0x00000000eab00000,0x00000000ed244fd8,0x00000000ef780000)
  from space 6144K, 66% used [0x00000000efd80000,0x00000000f0184da0,0x00000000f0380000)
  to   space 6144K, 0% used [0x00000000ef780000,0x00000000ef780000,0x00000000efd80000)
 ParOldGen       total 29184K, used 12890K [0x00000000c0000000, 0x00000000c1c80000, 0x00000000eab00000)
  object space 29184K, 44% used [0x00000000c0000000,0x00000000c0c968b8,0x00000000c1c80000)
 Metaspace       used 34813K, capacity 35286K, committed 35496K, reserved 1079296K
  class space    used 4893K, capacity 5137K, committed 5168K, reserved 1048576K
Event: 89.198 GC heap after
Heap after GC invocations=14 (full 1):
 PSYoungGen      total 84480K, used 5153K [0x00000000eab00000, 0x00000000f2d80000, 0x0000000100000000)
  eden space 78336K, 0% used [0x00000000eab00000,0x00000000eab00000,0x00000000ef780000)
  from space 6144K, 83% used [0x00000000ef780000,0x00000000efc886c0,0x00000000efd80000)
  to   space 6144K, 0% used [0x00000000f2780000,0x00000000f2780000,0x00000000f2d80000)
 ParOldGen       total 29184K, used 14185K [0x00000000c0000000, 0x00000000c1c80000, 0x00000000eab00000)
  object space 29184K, 48% used [0x00000000c0000000,0x00000000c0dda7f8,0x00000000c1c80000)
 Metaspace       used 34813K, capacity 35286K, committed 35496K, reserved 1079296K
  class space    used 4893K, capacity 5137K, committed 5168K, reserved 1048576K
}
Event: 89.199 GC heap before
{Heap before GC invocations=15 (full 2):
 PSYoungGen      total 84480K, used 5153K [0x00000000eab00000, 0x00000000f2d80000, 0x0000000100000000)
  eden space 78336K, 0% used [0x00000000eab00000,0x00000000eab00000,0x00000000ef780000)
  from space 6144K, 83% used [0x00000000ef780000,0x00000000efc886c0,0x00000000efd80000)
  to   space 6144K, 0% used [0x00000000f2780000,0x00000000f2780000,0x00000000f2d80000)
 ParOldGen       total 29184K, used 14185K [0x00000000c0000000, 0x00000000c1c80000, 0x00000000eab00000)
  object space 29184K, 48% used [0x00000000c0000000,0x00000000c0dda7f8,0x00000000c1c80000)
 Metaspace       used 34813K, capacity 35286K, committed 35496K, reserved 1079296K
  class space    used 4893K, capacity 5137K, committed 5168K, reserved 1048576K
Event: 89.634 GC heap after
Heap after GC invocations=15 (full 2):
 PSYoungGen      total 84480K, used 0K [0x00000000eab00000, 0x00000000f2d80000, 0x0000000100000000)
  eden space 78336K, 0% used [0x00000000eab00000,0x00000000eab00000,0x00000000ef780000)
  from space 6144K, 0% used [0x00000000ef780000,0x00000000ef780000,0x00000000efd80000)
  to   space 6144K, 0% used [0x00000000f2780000,0x00000000f2780000,0x00000000f2d80000)
 ParOldGen       total 45056K, used 16938K [0x00000000c0000000, 0x00000000c2c00000, 0x00000000eab00000)
  object space 45056K, 37% used [0x00000000c0000000,0x00000000c108a9d8,0x00000000c2c00000)
 Metaspace       used 34813K, capacity 35286K, committed 35496K, reserved 1079296K
  class space    used 4893K, capacity 5137K, committed 5168K, reserved 1048576K
}
Event: 94.508 GC heap before
{Heap before GC invocations=16 (full 2):
 PSYoungGen      total 84480K, used 78336K [0x00000000eab00000, 0x00000000f2d80000, 0x0000000100000000)
  eden space 78336K, 100% used [0x00000000eab00000,0x00000000ef780000,0x00000000ef780000)
  from space 6144K, 0% used [0x00000000ef780000,0x00000000ef780000,0x00000000efd80000)
  to   space 6144K, 0% used [0x00000000f2780000,0x00000000f2780000,0x00000000f2d80000)
 ParOldGen       total 45056K, used 16938K [0x00000000c0000000, 0x00000000c2c00000, 0x00000000eab00000)
  object space 45056K, 37% used [0x00000000c0000000,0x00000000c108a9d8,0x00000000c2c00000)
 Metaspace       used 41469K, capacity 42118K, committed 42416K, reserved 1085440K
  class space    used 5741K, capacity 5971K, committed 6064K, reserved 1048576K
Event: 94.555 GC heap after
Heap after GC invocations=16 (full 2):
 PSYoungGen      total 112640K, used 6140K [0x00000000eab00000, 0x00000000f2d80000, 0x0000000100000000)
  eden space 106496K, 0% used [0x00000000eab00000,0x00000000eab00000,0x00000000f1300000)
  from space 6144K, 99% used [0x00000000f2780000,0x00000000f2d7f300,0x00000000f2d80000)
  to   space 9216K, 0% used [0x00000000f1b80000,0x00000000f1b80000,0x00000000f2480000)
 ParOldGen       total 45056K, used 22949K [0x00000000c0000000, 0x00000000c2c00000, 0x00000000eab00000)
  object space 45056K, 50% used [0x00000000c0000000,0x00000000c16695c8,0x00000000c2c00000)
 Metaspace       used 41469K, capacity 42118K, committed 42416K, reserved 1085440K
  class space    used 5741K, capacity 5971K, committed 6064K, reserved 1048576K
}
Event: 99.722 GC heap before
{Heap before GC invocations=17 (full 2):
 PSYoungGen      total 112640K, used 112636K [0x00000000eab00000, 0x00000000f2d80000, 0x0000000100000000)
  eden space 106496K, 100% used [0x00000000eab00000,0x00000000f1300000,0x00000000f1300000)
  from space 6144K, 99% used [0x00000000f2780000,0x00000000f2d7f300,0x00000000f2d80000)
  to   space 9216K, 0% used [0x00000000f1b80000,0x00000000f1b80000,0x00000000f2480000)
 ParOldGen       total 45056K, used 22949K [0x00000000c0000000, 0x00000000c2c00000, 0x00000000eab00000)
  object space 45056K, 50% used [0x00000000c0000000,0x00000000c16695c8,0x00000000c2c00000)
 Metaspace       used 50536K, capacity 51512K, committed 51632K, reserved 1093632K
  class space    used 6988K, capacity 7320K, committed 7344K, reserved 1048576K
Event: 99.826 GC heap after
Heap after GC invocations=17 (full 2):
 PSYoungGen      total 124416K, used 9189K [0x00000000eab00000, 0x00000000f5380000, 0x0000000100000000)
  eden space 115200K, 0% used [0x00000000eab00000,0x00000000eab00000,0x00000000f1b80000)
  from space 9216K, 99% used [0x00000000f1b80000,0x00000000f2479518,0x00000000f2480000)
  to   space 12800K, 0% used [0x00000000f4700000,0x00000000f4700000,0x00000000f5380000)
 ParOldGen       total 45056K, used 30162K [0x00000000c0000000, 0x00000000c2c00000, 0x00000000eab00000)
  object space 45056K, 66% used [0x00000000c0000000,0x00000000c1d74928,0x00000000c2c00000)
 Metaspace       used 50536K, capacity 51512K, committed 51632K, reserved 1093632K
  class space    used 6988K, capacity 7320K, committed 7344K, reserved 1048576K
}

